Build started 8/4/2015 9:02:36 PM.
     1>Project "E:\tools\mayaPlugins\mayaPlugins\deformers\deformers.vcxproj" on node 2 (Build target(s)).
     1>ClCompile:
         C:\Program Files (x86)\Microsoft Visual Studio 12.0\VC\bin\x86_amd64\CL.exe /c /I"C:\Program Files\Autodesk\Maya2016\include" /Zi /nologo /W3 /WX- /sdl /Od /D WIN32 /D NDEBUG /D _WINDOWS /D NT_PLUGIN /D REQUIRE_IOSTREAM /Gm /EHsc /RTC1 /MDd /GS /fp:precise /Zc:wchar_t /Zc:forScope /Fo"x64\Debug\\" /Fd"x64\Debug\vc120.pdb" /Gd /TP /errorReport:prompt pluginMain.cpp sphereCollider.cpp
         sphereCollider.cpp
     1>sphereCollider.cpp(71): warning C4101: 'w' : unreferenced local variable
         Generating Code...
         Compiling...
         pluginMain.cpp
         Generating Code...
       Link:
         C:\Program Files (x86)\Microsoft Visual Studio 12.0\VC\bin\x86_amd64\link.exe /ERRORREPORT:PROMPT /OUT:"E:\tools\mayaPlugins\mayaPlugins\deformers\x64\Debug\deformers.mll" /INCREMENTAL /NOLOGO /LIBPATH:"C:\Program Files\Autodesk\Maya2016\lib" kernel32.lib user32.lib gdi32.lib winspool.lib comdlg32.lib advapi32.lib shell32.lib ole32.lib oleaut32.lib uuid.lib odbc32.lib odbccp32.lib kernel32.lib user32.lib gdi32.lib winspool.lib comdlg32.lib advapi32.lib shell32.lib ole32.lib oleaut32.lib uuid.lib odbc32.lib odbccp32.lib Foundation.lib OpenMaya.lib OpenMayaUI.lib OpenMayaAnim.lib OpenMayaFX.lib OpenMayaRender.lib Image.lib opengl32.lib glu32.lib /MANIFEST /MANIFESTUAC:"level='asInvoker' uiAccess='false'" /manifest:embed /DEBUG /PDB:"E:\tools\mayaPlugins\mayaPlugins\deformers\x64\Debug\deformers.pdb" /SUBSYSTEM:WINDOWS /TLBID:1 /DYNAMICBASE /NXCOMPAT /IMPLIB:"E:\tools\mayaPlugins\mayaPlugins\deformers\x64\Debug\deformers.lib" /MACHINE:X64 /export:initializePlugin /export:uninitializePlugin /DLL x64\Debug\blendShapeDeformer.obj
         x64\Debug\bulgeDeformer.obj
         x64\Debug\pluginMain.obj
         x64\Debug\sphereCollider.obj
            Creating library E:\tools\mayaPlugins\mayaPlugins\deformers\x64\Debug\deformers.lib and object E:\tools\mayaPlugins\mayaPlugins\deformers\x64\Debug\deformers.exp
         deformers.vcxproj -> E:\tools\mayaPlugins\mayaPlugins\deformers\x64\Debug\deformers.mll
     1>Done Building Project "E:\tools\mayaPlugins\mayaPlugins\deformers\deformers.vcxproj" (Build target(s)).

Build succeeded.

Time Elapsed 00:00:01.98
